<?xml version="1.0" encoding="UTF-8"?>
<!-- Generated by org.testng.reporters.JUnitReportReporter -->
<testsuite hostname="oleg-Inspiron-N5110" name="training.expedia.AppTest" tests="1" failures="0" timestamp="24 Apr 2017 19:29:59 GMT" time="0.004" errors="0">
  <testcase name="testApp" time="0.004" classname="training.expedia.AppTest"/>
</testsuite> <!-- training.expedia.AppTest -->
